<?xml version="1.0" encoding="UTF-8"?>
<!DOCTYPE faces-config PUBLIC
  "-//Sun Microsystems, Inc.//DTD JavaServer Faces Config 1.1//EN"
  "http://java.sun.com/dtd/web-facesconfig_1_1.dtd">

<faces-config xmlns="http://java.sun.com/JSF/Configuration">

  <managed-bean>
    <managed-bean-name>widgetTestBean</managed-bean-name>
    <managed-bean-class>org.santfeliu.test.web.WidgetTestBean</managed-bean-class>
    <managed-bean-scope>request</managed-bean-scope>
  </managed-bean>

  <managed-bean>
    <managed-bean-name>formTestBean</managed-bean-name>
    <managed-bean-class>org.santfeliu.test.web.FormTestBean</managed-bean-class>
    <managed-bean-scope>request</managed-bean-scope>
  </managed-bean>

  <navigation-rule>
    <from-view-id>*</from-view-id>

    <navigation-case>
      <from-outcome>form_test</from-outcome>
      <to-view-id>/common/test/form_test.jsp</to-view-id>
    </navigation-case>

  </navigation-rule>
</faces-config>
